<?xml version="1.0" encoding="UTF-8"?>
<testsuite xmlns:xsi="http://www.w3.org/2001/XMLSchema-instance" xsi:noNamespaceSchemaLocation="https://maven.apache.org/surefire/maven-surefire-plugin/xsd/surefire-test-report.xsd" name="examples.TestParallel" time="1.141" tests="1" errors="0" skipped="0" failures="1">
  <properties>
    <property name="java.specification.version" value="17"/>
    <property name="sun.jnu.encoding" value="UTF-8"/>
    <property name="java.class.path" value="/home/ayoubsqli/IdeaProjects/test_karate/myproject/target/test-classes:/home/ayoubsqli/IdeaProjects/test_karate/myproject/target/classes:/home/ayoubsqli/.m2/repository/io/gatling/gatling-maven-plugin/4.9.0/gatling-maven-plugin-4.9.0.jar:/home/ayoubsqli/.m2/repository/io/gatling/gatling-enterprise-plugin-commons/1.9.1/gatling-enterprise-plugin-commons-1.9.1.jar:/home/ayoubsqli/.m2/repository/io/gatling/gatling-scanner/1.5.0/gatling-scanner-1.5.0.jar:/home/ayoubsqli/.m2/repository/io/gatling/gatling-asm-shaded/9.7.0/gatling-asm-shaded-9.7.0.jar:/home/ayoubsqli/.m2/repository/com/typesafe/config/1.4.3/config-1.4.3.jar:/home/ayoubsqli/.m2/repository/net/masterthought/cucumber-reporting/5.3.1/cucumber-reporting-5.3.1.jar:/home/ayoubsqli/.m2/repository/com/fasterxml/jackson/core/jackson-databind/2.10.1/jackson-databind-2.10.1.jar:/home/ayoubsqli/.m2/repository/com/fasterxml/jackson/core/jackson-annotations/2.10.1/jackson-annotations-2.10.1.jar:/home/ayoubsqli/.m2/repository/com/fasterxml/jackson/core/jackson-core/2.10.1/jackson-core-2.10.1.jar:/home/ayoubsqli/.m2/repository/com/fasterxml/jackson/datatype/jackson-datatype-jsr310/2.10.1/jackson-datatype-jsr310-2.10.1.jar:/home/ayoubsqli/.m2/repository/org/apache/velocity/velocity-engine-core/2.1/velocity-engine-core-2.1.jar:/home/ayoubsqli/.m2/repository/org/slf4j/slf4j-api/1.7.26/slf4j-api-1.7.26.jar:/home/ayoubsqli/.m2/repository/commons-collections/commons-collections/3.2.2/commons-collections-3.2.2.jar:/home/ayoubsqli/.m2/repository/joda-time/joda-time/2.10.5/joda-time-2.10.5.jar:/home/ayoubsqli/.m2/repository/org/apache/commons/commons-lang3/3.9/commons-lang3-3.9.jar:/home/ayoubsqli/.m2/repository/commons-io/commons-io/2.6/commons-io-2.6.jar:/home/ayoubsqli/.m2/repository/org/codehaus/plexus/plexus-utils/3.3.0/plexus-utils-3.3.0.jar:/home/ayoubsqli/.m2/repository/org/jsoup/jsoup/1.12.1/jsoup-1.12.1.jar:/home/ayoubsqli/.m2/repository/com/googlecode/owasp-java-html-sanitizer/owasp-java-html-sanitizer/20191001.1/owasp-java-html-sanitizer-20191001.1.jar:/home/ayoubsqli/.m2/repository/com/google/guava/guava/27.1-jre/guava-27.1-jre.jar:/home/ayoubsqli/.m2/repository/com/google/guava/failureaccess/1.0.1/failureaccess-1.0.1.jar:/home/ayoubsqli/.m2/repository/com/google/guava/listenablefuture/9999.0-empty-to-avoid-conflict-with-guava/listenablefuture-9999.0-empty-to-avoid-conflict-with-guava.jar:/home/ayoubsqli/.m2/repository/com/google/code/findbugs/jsr305/3.0.2/jsr305-3.0.2.jar:/home/ayoubsqli/.m2/repository/org/checkerframework/checker-qual/2.5.2/checker-qual-2.5.2.jar:/home/ayoubsqli/.m2/repository/com/google/errorprone/error_prone_annotations/2.2.0/error_prone_annotations-2.2.0.jar:/home/ayoubsqli/.m2/repository/com/google/j2objc/j2objc-annotations/1.1/j2objc-annotations-1.1.jar:/home/ayoubsqli/.m2/repository/org/codehaus/mojo/animal-sniffer-annotations/1.17/animal-sniffer-annotations-1.17.jar:/home/ayoubsqli/.m2/repository/commons-configuration/commons-configuration/1.10/commons-configuration-1.10.jar:/home/ayoubsqli/.m2/repository/commons-lang/commons-lang/2.6/commons-lang-2.6.jar:/home/ayoubsqli/.m2/repository/commons-logging/commons-logging/1.1.1/commons-logging-1.1.1.jar:/home/ayoubsqli/.m2/repository/com/intuit/karate/karate-junit5/1.2.0/karate-junit5-1.2.0.jar:/home/ayoubsqli/.m2/repository/com/intuit/karate/karate-core/1.2.0/karate-core-1.2.0.jar:/home/ayoubsqli/.m2/repository/org/graalvm/js/js-scriptengine/21.2.0/js-scriptengine-21.2.0.jar:/home/ayoubsqli/.m2/repository/org/graalvm/sdk/graal-sdk/21.2.0/graal-sdk-21.2.0.jar:/home/ayoubsqli/.m2/repository/org/graalvm/js/js/21.2.0/js-21.2.0.jar:/home/ayoubsqli/.m2/repository/org/graalvm/regex/regex/21.2.0/regex-21.2.0.jar:/home/ayoubsqli/.m2/repository/org/graalvm/truffle/truffle-api/21.2.0/truffle-api-21.2.0.jar:/home/ayoubsqli/.m2/repository/com/ibm/icu/icu4j/69.1/icu4j-69.1.jar:/home/ayoubsqli/.m2/repository/org/thymeleaf/thymeleaf/3.0.14.RELEASE/thymeleaf-3.0.14.RELEASE.jar:/home/ayoubsqli/.m2/repository/ognl/ognl/3.1.26/ognl-3.1.26.jar:/home/ayoubsqli/.m2/repository/org/javassist/javassist/3.20.0-GA/javassist-3.20.0-GA.jar:/home/ayoubsqli/.m2/repository/org/attoparser/attoparser/2.0.5.RELEASE/attoparser-2.0.5.RELEASE.jar:/home/ayoubsqli/.m2/repository/org/unbescape/unbescape/1.1.6.RELEASE/unbescape-1.1.6.RELEASE.jar:/home/ayoubsqli/.m2/repository/com/linecorp/armeria/armeria/1.13.4/armeria-1.13.4.jar:/home/ayoubsqli/.m2/repository/io/micrometer/micrometer-core/1.7.6/micrometer-core-1.7.6.jar:/home/ayoubsqli/.m2/repository/org/hdrhistogram/HdrHistogram/2.1.12/HdrHistogram-2.1.12.jar:/home/ayoubsqli/.m2/repository/org/latencyutils/LatencyUtils/2.0.3/LatencyUtils-2.0.3.jar:/home/ayoubsqli/.m2/repository/io/netty/netty-transport/4.1.70.Final/netty-transport-4.1.70.Final.jar:/home/ayoubsqli/.m2/repository/io/netty/netty-common/4.1.70.Final/netty-common-4.1.70.Final.jar:/home/ayoubsqli/.m2/repository/io/netty/netty-buffer/4.1.70.Final/netty-buffer-4.1.70.Final.jar:/home/ayoubsqli/.m2/repository/io/netty/netty-resolver/4.1.70.Final/netty-resolver-4.1.70.Final.jar:/home/ayoubsqli/.m2/repository/io/netty/netty-codec-http2/4.1.70.Final/netty-codec-http2-4.1.70.Final.jar:/home/ayoubsqli/.m2/repository/io/netty/netty-codec/4.1.70.Final/netty-codec-4.1.70.Final.jar:/home/ayoubsqli/.m2/repository/io/netty/netty-handler/4.1.70.Final/netty-handler-4.1.70.Final.jar:/home/ayoubsqli/.m2/repository/io/netty/netty-codec-http/4.1.70.Final/netty-codec-http-4.1.70.Final.jar:/home/ayoubsqli/.m2/repository/io/netty/netty-codec-haproxy/4.1.70.Final/netty-codec-haproxy-4.1.70.Final.jar:/home/ayoubsqli/.m2/repository/io/netty/netty-resolver-dns/4.1.70.Final/netty-resolver-dns-4.1.70.Final.jar:/home/ayoubsqli/.m2/repository/io/netty/netty-codec-dns/4.1.70.Final/netty-codec-dns-4.1.70.Final.jar:/home/ayoubsqli/.m2/repository/org/reactivestreams/reactive-streams/1.0.3/reactive-streams-1.0.3.jar:/home/ayoubsqli/.m2/repository/io/netty/netty-resolver-dns-native-macos/4.1.70.Final/netty-resolver-dns-native-macos-4.1.70.Final-osx-x86_64.jar:/home/ayoubsqli/.m2/repository/io/netty/netty-resolver-dns-classes-macos/4.1.70.Final/netty-resolver-dns-classes-macos-4.1.70.Final.jar:/home/ayoubsqli/.m2/repository/io/netty/netty-transport-native-unix-common/4.1.70.Final/netty-transport-native-unix-common-4.1.70.Final-linux-x86_64.jar:/home/ayoubsqli/.m2/repository/io/netty/netty-transport-native-epoll/4.1.70.Final/netty-transport-native-epoll-4.1.70.Final-linux-x86_64.jar:/home/ayoubsqli/.m2/repository/io/netty/netty-transport-native-unix-common/4.1.70.Final/netty-transport-native-unix-common-4.1.70.Final.jar:/home/ayoubsqli/.m2/repository/io/netty/netty-transport-classes-epoll/4.1.70.Final/netty-transport-classes-epoll-4.1.70.Final.jar:/home/ayoubsqli/.m2/repository/io/netty/netty-tcnative-boringssl-static/2.0.44.Final/netty-tcnative-boringssl-static-2.0.44.Final.jar:/home/ayoubsqli/.m2/repository/io/netty/netty-handler-proxy/4.1.70.Final/netty-handler-proxy-4.1.70.Final.jar:/home/ayoubsqli/.m2/repository/io/netty/netty-codec-socks/4.1.70.Final/netty-codec-socks-4.1.70.Final.jar:/home/ayoubsqli/.m2/repository/com/aayushatharva/brotli4j/brotli4j/1.6.0/brotli4j-1.6.0.jar:/home/ayoubsqli/.m2/repository/com/aayushatharva/brotli4j/native-linux-x86_64/1.6.0/native-linux-x86_64-1.6.0.jar:/home/ayoubsqli/.m2/repository/org/apache/httpcomponents/httpclient/4.5.13/httpclient-4.5.13.jar:/home/ayoubsqli/.m2/repository/org/apache/httpcomponents/httpcore/4.4.13/httpcore-4.4.13.jar:/home/ayoubsqli/.m2/repository/commons-codec/commons-codec/1.11/commons-codec-1.11.jar:/home/ayoubsqli/.m2/repository/ch/qos/logback/logback-classic/1.2.9/logback-classic-1.2.9.jar:/home/ayoubsqli/.m2/repository/ch/qos/logback/logback-core/1.2.9/logback-core-1.2.9.jar:/home/ayoubsqli/.m2/repository/org/slf4j/jcl-over-slf4j/1.7.32/jcl-over-slf4j-1.7.32.jar:/home/ayoubsqli/.m2/repository/org/antlr/antlr4-runtime/4.9.2/antlr4-runtime-4.9.2.jar:/home/ayoubsqli/.m2/repository/com/jayway/jsonpath/json-path/2.7.0/json-path-2.7.0.jar:/home/ayoubsqli/.m2/repository/net/minidev/json-smart/2.4.7/json-smart-2.4.7.jar:/home/ayoubsqli/.m2/repository/net/minidev/accessors-smart/2.4.7/accessors-smart-2.4.7.jar:/home/ayoubsqli/.m2/repository/org/ow2/asm/asm/9.1/asm-9.1.jar:/home/ayoubsqli/.m2/repository/info/cukes/cucumber-java/1.2.5/cucumber-java-1.2.5.jar:/home/ayoubsqli/.m2/repository/info/cukes/cucumber-core/1.2.5/cucumber-core-1.2.5.jar:/home/ayoubsqli/.m2/repository/org/yaml/snakeyaml/1.29/snakeyaml-1.29.jar:/home/ayoubsqli/.m2/repository/de/siegmar/fastcsv/2.0.0/fastcsv-2.0.0.jar:/home/ayoubsqli/.m2/repository/info/picocli/picocli/4.6.1/picocli-4.6.1.jar:/home/ayoubsqli/.m2/repository/io/github/classgraph/classgraph/4.8.108/classgraph-4.8.108.jar:/home/ayoubsqli/.m2/repository/org/junit/jupiter/junit-jupiter-api/5.7.2/junit-jupiter-api-5.7.2.jar:/home/ayoubsqli/.m2/repository/org/apiguardian/apiguardian-api/1.1.0/apiguardian-api-1.1.0.jar:/home/ayoubsqli/.m2/repository/org/opentest4j/opentest4j/1.2.0/opentest4j-1.2.0.jar:/home/ayoubsqli/.m2/repository/org/junit/platform/junit-platform-commons/1.7.2/junit-platform-commons-1.7.2.jar:/home/ayoubsqli/.m2/repository/org/junit/jupiter/junit-jupiter-engine/5.7.2/junit-jupiter-engine-5.7.2.jar:/home/ayoubsqli/.m2/repository/org/junit/platform/junit-platform-engine/1.7.2/junit-platform-engine-1.7.2.jar:"/>
    <property name="java.vm.vendor" value="Private Build"/>
    <property name="sun.arch.data.model" value="64"/>
    <property name="java.vendor.url" value="Unknown"/>
    <property name="os.name" value="Linux"/>
    <property name="java.vm.specification.version" value="17"/>
    <property name="sun.java.launcher" value="SUN_STANDARD"/>
    <property name="user.country" value="US"/>
    <property name="sun.boot.library.path" value="/usr/lib/jvm/java-17-openjdk-amd64/lib"/>
    <property name="sun.java.command" value="/home/ayoubsqli/IdeaProjects/test_karate/myproject/target/surefire/surefirebooter741483203240688364.jar /home/ayoubsqli/IdeaProjects/test_karate/myproject/target/surefire 2024-05-17T13-16-30_209-jvmRun1 surefire16469117015028505243tmp surefire_013167030813086309254tmp"/>
    <property name="jdk.debug" value="release"/>
    <property name="surefire.test.class.path" value="/home/ayoubsqli/IdeaProjects/test_karate/myproject/target/test-classes:/home/ayoubsqli/IdeaProjects/test_karate/myproject/target/classes:/home/ayoubsqli/.m2/repository/io/gatling/gatling-maven-plugin/4.9.0/gatling-maven-plugin-4.9.0.jar:/home/ayoubsqli/.m2/repository/io/gatling/gatling-enterprise-plugin-commons/1.9.1/gatling-enterprise-plugin-commons-1.9.1.jar:/home/ayoubsqli/.m2/repository/io/gatling/gatling-scanner/1.5.0/gatling-scanner-1.5.0.jar:/home/ayoubsqli/.m2/repository/io/gatling/gatling-asm-shaded/9.7.0/gatling-asm-shaded-9.7.0.jar:/home/ayoubsqli/.m2/repository/com/typesafe/config/1.4.3/config-1.4.3.jar:/home/ayoubsqli/.m2/repository/net/masterthought/cucumber-reporting/5.3.1/cucumber-reporting-5.3.1.jar:/home/ayoubsqli/.m2/repository/com/fasterxml/jackson/core/jackson-databind/2.10.1/jackson-databind-2.10.1.jar:/home/ayoubsqli/.m2/repository/com/fasterxml/jackson/core/jackson-annotations/2.10.1/jackson-annotations-2.10.1.jar:/home/ayoubsqli/.m2/repository/com/fasterxml/jackson/core/jackson-core/2.10.1/jackson-core-2.10.1.jar:/home/ayoubsqli/.m2/repository/com/fasterxml/jackson/datatype/jackson-datatype-jsr310/2.10.1/jackson-datatype-jsr310-2.10.1.jar:/home/ayoubsqli/.m2/repository/org/apache/velocity/velocity-engine-core/2.1/velocity-engine-core-2.1.jar:/home/ayoubsqli/.m2/repository/org/slf4j/slf4j-api/1.7.26/slf4j-api-1.7.26.jar:/home/ayoubsqli/.m2/repository/commons-collections/commons-collections/3.2.2/commons-collections-3.2.2.jar:/home/ayoubsqli/.m2/repository/joda-time/joda-time/2.10.5/joda-time-2.10.5.jar:/home/ayoubsqli/.m2/repository/org/apache/commons/commons-lang3/3.9/commons-lang3-3.9.jar:/home/ayoubsqli/.m2/repository/commons-io/commons-io/2.6/commons-io-2.6.jar:/home/ayoubsqli/.m2/repository/org/codehaus/plexus/plexus-utils/3.3.0/plexus-utils-3.3.0.jar:/home/ayoubsqli/.m2/repository/org/jsoup/jsoup/1.12.1/jsoup-1.12.1.jar:/home/ayoubsqli/.m2/repository/com/googlecode/owasp-java-html-sanitizer/owasp-java-html-sanitizer/20191001.1/owasp-java-html-sanitizer-20191001.1.jar:/home/ayoubsqli/.m2/repository/com/google/guava/guava/27.1-jre/guava-27.1-jre.jar:/home/ayoubsqli/.m2/repository/com/google/guava/failureaccess/1.0.1/failureaccess-1.0.1.jar:/home/ayoubsqli/.m2/repository/com/google/guava/listenablefuture/9999.0-empty-to-avoid-conflict-with-guava/listenablefuture-9999.0-empty-to-avoid-conflict-with-guava.jar:/home/ayoubsqli/.m2/repository/com/google/code/findbugs/jsr305/3.0.2/jsr305-3.0.2.jar:/home/ayoubsqli/.m2/repository/org/checkerframework/checker-qual/2.5.2/checker-qual-2.5.2.jar:/home/ayoubsqli/.m2/repository/com/google/errorprone/error_prone_annotations/2.2.0/error_prone_annotations-2.2.0.jar:/home/ayoubsqli/.m2/repository/com/google/j2objc/j2objc-annotations/1.1/j2objc-annotations-1.1.jar:/home/ayoubsqli/.m2/repository/org/codehaus/mojo/animal-sniffer-annotations/1.17/animal-sniffer-annotations-1.17.jar:/home/ayoubsqli/.m2/repository/commons-configuration/commons-configuration/1.10/commons-configuration-1.10.jar:/home/ayoubsqli/.m2/repository/commons-lang/commons-lang/2.6/commons-lang-2.6.jar:/home/ayoubsqli/.m2/repository/commons-logging/commons-logging/1.1.1/commons-logging-1.1.1.jar:/home/ayoubsqli/.m2/repository/com/intuit/karate/karate-junit5/1.2.0/karate-junit5-1.2.0.jar:/home/ayoubsqli/.m2/repository/com/intuit/karate/karate-core/1.2.0/karate-core-1.2.0.jar:/home/ayoubsqli/.m2/repository/org/graalvm/js/js-scriptengine/21.2.0/js-scriptengine-21.2.0.jar:/home/ayoubsqli/.m2/repository/org/graalvm/sdk/graal-sdk/21.2.0/graal-sdk-21.2.0.jar:/home/ayoubsqli/.m2/repository/org/graalvm/js/js/21.2.0/js-21.2.0.jar:/home/ayoubsqli/.m2/repository/org/graalvm/regex/regex/21.2.0/regex-21.2.0.jar:/home/ayoubsqli/.m2/repository/org/graalvm/truffle/truffle-api/21.2.0/truffle-api-21.2.0.jar:/home/ayoubsqli/.m2/repository/com/ibm/icu/icu4j/69.1/icu4j-69.1.jar:/home/ayoubsqli/.m2/repository/org/thymeleaf/thymeleaf/3.0.14.RELEASE/thymeleaf-3.0.14.RELEASE.jar:/home/ayoubsqli/.m2/repository/ognl/ognl/3.1.26/ognl-3.1.26.jar:/home/ayoubsqli/.m2/repository/org/javassist/javassist/3.20.0-GA/javassist-3.20.0-GA.jar:/home/ayoubsqli/.m2/repository/org/attoparser/attoparser/2.0.5.RELEASE/attoparser-2.0.5.RELEASE.jar:/home/ayoubsqli/.m2/repository/org/unbescape/unbescape/1.1.6.RELEASE/unbescape-1.1.6.RELEASE.jar:/home/ayoubsqli/.m2/repository/com/linecorp/armeria/armeria/1.13.4/armeria-1.13.4.jar:/home/ayoubsqli/.m2/repository/io/micrometer/micrometer-core/1.7.6/micrometer-core-1.7.6.jar:/home/ayoubsqli/.m2/repository/org/hdrhistogram/HdrHistogram/2.1.12/HdrHistogram-2.1.12.jar:/home/ayoubsqli/.m2/repository/org/latencyutils/LatencyUtils/2.0.3/LatencyUtils-2.0.3.jar:/home/ayoubsqli/.m2/repository/io/netty/netty-transport/4.1.70.Final/netty-transport-4.1.70.Final.jar:/home/ayoubsqli/.m2/repository/io/netty/netty-common/4.1.70.Final/netty-common-4.1.70.Final.jar:/home/ayoubsqli/.m2/repository/io/netty/netty-buffer/4.1.70.Final/netty-buffer-4.1.70.Final.jar:/home/ayoubsqli/.m2/repository/io/netty/netty-resolver/4.1.70.Final/netty-resolver-4.1.70.Final.jar:/home/ayoubsqli/.m2/repository/io/netty/netty-codec-http2/4.1.70.Final/netty-codec-http2-4.1.70.Final.jar:/home/ayoubsqli/.m2/repository/io/netty/netty-codec/4.1.70.Final/netty-codec-4.1.70.Final.jar:/home/ayoubsqli/.m2/repository/io/netty/netty-handler/4.1.70.Final/netty-handler-4.1.70.Final.jar:/home/ayoubsqli/.m2/repository/io/netty/netty-codec-http/4.1.70.Final/netty-codec-http-4.1.70.Final.jar:/home/ayoubsqli/.m2/repository/io/netty/netty-codec-haproxy/4.1.70.Final/netty-codec-haproxy-4.1.70.Final.jar:/home/ayoubsqli/.m2/repository/io/netty/netty-resolver-dns/4.1.70.Final/netty-resolver-dns-4.1.70.Final.jar:/home/ayoubsqli/.m2/repository/io/netty/netty-codec-dns/4.1.70.Final/netty-codec-dns-4.1.70.Final.jar:/home/ayoubsqli/.m2/repository/org/reactivestreams/reactive-streams/1.0.3/reactive-streams-1.0.3.jar:/home/ayoubsqli/.m2/repository/io/netty/netty-resolver-dns-native-macos/4.1.70.Final/netty-resolver-dns-native-macos-4.1.70.Final-osx-x86_64.jar:/home/ayoubsqli/.m2/repository/io/netty/netty-resolver-dns-classes-macos/4.1.70.Final/netty-resolver-dns-classes-macos-4.1.70.Final.jar:/home/ayoubsqli/.m2/repository/io/netty/netty-transport-native-unix-common/4.1.70.Final/netty-transport-native-unix-common-4.1.70.Final-linux-x86_64.jar:/home/ayoubsqli/.m2/repository/io/netty/netty-transport-native-epoll/4.1.70.Final/netty-transport-native-epoll-4.1.70.Final-linux-x86_64.jar:/home/ayoubsqli/.m2/repository/io/netty/netty-transport-native-unix-common/4.1.70.Final/netty-transport-native-unix-common-4.1.70.Final.jar:/home/ayoubsqli/.m2/repository/io/netty/netty-transport-classes-epoll/4.1.70.Final/netty-transport-classes-epoll-4.1.70.Final.jar:/home/ayoubsqli/.m2/repository/io/netty/netty-tcnative-boringssl-static/2.0.44.Final/netty-tcnative-boringssl-static-2.0.44.Final.jar:/home/ayoubsqli/.m2/repository/io/netty/netty-handler-proxy/4.1.70.Final/netty-handler-proxy-4.1.70.Final.jar:/home/ayoubsqli/.m2/repository/io/netty/netty-codec-socks/4.1.70.Final/netty-codec-socks-4.1.70.Final.jar:/home/ayoubsqli/.m2/repository/com/aayushatharva/brotli4j/brotli4j/1.6.0/brotli4j-1.6.0.jar:/home/ayoubsqli/.m2/repository/com/aayushatharva/brotli4j/native-linux-x86_64/1.6.0/native-linux-x86_64-1.6.0.jar:/home/ayoubsqli/.m2/repository/org/apache/httpcomponents/httpclient/4.5.13/httpclient-4.5.13.jar:/home/ayoubsqli/.m2/repository/org/apache/httpcomponents/httpcore/4.4.13/httpcore-4.4.13.jar:/home/ayoubsqli/.m2/repository/commons-codec/commons-codec/1.11/commons-codec-1.11.jar:/home/ayoubsqli/.m2/repository/ch/qos/logback/logback-classic/1.2.9/logback-classic-1.2.9.jar:/home/ayoubsqli/.m2/repository/ch/qos/logback/logback-core/1.2.9/logback-core-1.2.9.jar:/home/ayoubsqli/.m2/repository/org/slf4j/jcl-over-slf4j/1.7.32/jcl-over-slf4j-1.7.32.jar:/home/ayoubsqli/.m2/repository/org/antlr/antlr4-runtime/4.9.2/antlr4-runtime-4.9.2.jar:/home/ayoubsqli/.m2/repository/com/jayway/jsonpath/json-path/2.7.0/json-path-2.7.0.jar:/home/ayoubsqli/.m2/repository/net/minidev/json-smart/2.4.7/json-smart-2.4.7.jar:/home/ayoubsqli/.m2/repository/net/minidev/accessors-smart/2.4.7/accessors-smart-2.4.7.jar:/home/ayoubsqli/.m2/repository/org/ow2/asm/asm/9.1/asm-9.1.jar:/home/ayoubsqli/.m2/repository/info/cukes/cucumber-java/1.2.5/cucumber-java-1.2.5.jar:/home/ayoubsqli/.m2/repository/info/cukes/cucumber-core/1.2.5/cucumber-core-1.2.5.jar:/home/ayoubsqli/.m2/repository/org/yaml/snakeyaml/1.29/snakeyaml-1.29.jar:/home/ayoubsqli/.m2/repository/de/siegmar/fastcsv/2.0.0/fastcsv-2.0.0.jar:/home/ayoubsqli/.m2/repository/info/picocli/picocli/4.6.1/picocli-4.6.1.jar:/home/ayoubsqli/.m2/repository/io/github/classgraph/classgraph/4.8.108/classgraph-4.8.108.jar:/home/ayoubsqli/.m2/repository/org/junit/jupiter/junit-jupiter-api/5.7.2/junit-jupiter-api-5.7.2.jar:/home/ayoubsqli/.m2/repository/org/apiguardian/apiguardian-api/1.1.0/apiguardian-api-1.1.0.jar:/home/ayoubsqli/.m2/repository/org/opentest4j/opentest4j/1.2.0/opentest4j-1.2.0.jar:/home/ayoubsqli/.m2/repository/org/junit/platform/junit-platform-commons/1.7.2/junit-platform-commons-1.7.2.jar:/home/ayoubsqli/.m2/repository/org/junit/jupiter/junit-jupiter-engine/5.7.2/junit-jupiter-engine-5.7.2.jar:/home/ayoubsqli/.m2/repository/org/junit/platform/junit-platform-engine/1.7.2/junit-platform-engine-1.7.2.jar:"/>
    <property name="sun.cpu.endian" value="little"/>
    <property name="user.home" value="/home/ayoubsqli"/>
    <property name="user.language" value="en"/>
    <property name="java.specification.vendor" value="Oracle Corporation"/>
    <property name="java.version.date" value="2024-01-16"/>
    <property name="java.home" value="/usr/lib/jvm/java-17-openjdk-amd64"/>
    <property name="file.separator" value="/"/>
    <property name="basedir" value="/home/ayoubsqli/IdeaProjects/test_karate/myproject"/>
    <property name="java.vm.compressedOopsMode" value="Zero based"/>
    <property name="line.separator" value="&#10;"/>
    <property name="java.vm.specification.vendor" value="Oracle Corporation"/>
    <property name="java.specification.name" value="Java Platform API Specification"/>
    <property name="surefire.real.class.path" value="/home/ayoubsqli/IdeaProjects/test_karate/myproject/target/surefire/surefirebooter741483203240688364.jar"/>
    <property name="sun.management.compiler" value="HotSpot 64-Bit Tiered Compilers"/>
    <property name="java.runtime.version" value="17.0.10+7-Ubuntu-122.04.1"/>
    <property name="user.name" value="ayoubsqli"/>
    <property name="path.separator" value=":"/>
    <property name="os.version" value="6.5.0-28-generic"/>
    <property name="java.runtime.name" value="OpenJDK Runtime Environment"/>
    <property name="file.encoding" value="UTF-8"/>
    <property name="java.vm.name" value="OpenJDK 64-Bit Server VM"/>
    <property name="localRepository" value="/home/ayoubsqli/.m2/repository"/>
    <property name="java.vendor.url.bug" value="Unknown"/>
    <property name="java.io.tmpdir" value="/tmp"/>
    <property name="java.version" value="17.0.10"/>
    <property name="user.dir" value="/home/ayoubsqli/IdeaProjects/test_karate/myproject"/>
    <property name="os.arch" value="amd64"/>
    <property name="java.vm.specification.name" value="Java Virtual Machine Specification"/>
    <property name="native.encoding" value="UTF-8"/>
    <property name="java.library.path" value="/usr/java/packages/lib:/usr/lib/x86_64-linux-gnu/jni:/lib/x86_64-linux-gnu:/usr/lib/x86_64-linux-gnu:/usr/lib/jni:/lib:/usr/lib"/>
    <property name="java.vm.info" value="mixed mode, sharing"/>
    <property name="java.vendor" value="Private Build"/>
    <property name="java.vm.version" value="17.0.10+7-Ubuntu-122.04.1"/>
    <property name="sun.io.unicode.encoding" value="UnicodeLittle"/>
    <property name="java.class.version" value="61.0"/>
  </properties>
  <testcase name="testParallel" classname="examples.TestParallel" time="1.14">
    <failure message="status code was: 404, expected: 200, response time in milliseconds: 591, url: https://simple-books-api.glitch.me/posts/50, response: &#10;&lt;!DOCTYPE html&gt;&#10;&lt;html lang=&quot;en&quot;&gt;&#10;&lt;head&gt;&#10;&lt;meta charset=&quot;utf-8&quot;&gt;&#10;&lt;title&gt;Error&lt;/title&gt;&#10;&lt;/head&gt;&#10;&lt;body&gt;&#10;&lt;pre&gt;Cannot GET /posts/50&lt;/pre&gt;&#10;&lt;/body&gt;&#10;&lt;/html&gt;&#10;&#10;classpath:examples/users/step3.feature:26&#10;status code was: 404, expected: 200, response time in milliseconds: 566, url: https://simple-books-api.glitch.me/posts/51, response: &#10;&lt;!DOCTYPE html&gt;&#10;&lt;html lang=&quot;en&quot;&gt;&#10;&lt;head&gt;&#10;&lt;meta charset=&quot;utf-8&quot;&gt;&#10;&lt;title&gt;Error&lt;/title&gt;&#10;&lt;/head&gt;&#10;&lt;body&gt;&#10;&lt;pre&gt;Cannot GET /posts/51&lt;/pre&gt;&#10;&lt;/body&gt;&#10;&lt;/html&gt;&#10;&#10;classpath:examples/users/step3.feature:26&#10;status code was: 404, expected: 200, response time in milliseconds: 427, url: https://simple-books-api.glitch.me/posts/52, response: &#10;&lt;!DOCTYPE html&gt;&#10;&lt;html lang=&quot;en&quot;&gt;&#10;&lt;head&gt;&#10;&lt;meta charset=&quot;utf-8&quot;&gt;&#10;&lt;title&gt;Error&lt;/title&gt;&#10;&lt;/head&gt;&#10;&lt;body&gt;&#10;&lt;pre&gt;Cannot GET /posts/52&lt;/pre&gt;&#10;&lt;/body&gt;&#10;&lt;/html&gt;&#10;&#10;classpath:examples/users/step3.feature:26&#10;status code was: 403, expected: 201, response time in milliseconds: 200, url: https://www.kloia.com/, response: &#10;Request Forbidden&#10;classpath:examples/users/step2.feature:22&#10;match failed: EQUALS&#10;  $ | not null (LIST:STRING)&#10;  [&quot;Fri, 17 May 2024 12:16:43 GMT&quot;]&#10;  &apos;#null&apos;&#10;&#10;classpath:examples/users/step2.feature:53 ==&gt; expected: &lt;0&gt; but was: &lt;5&gt;" type="org.opentest4j.AssertionFailedError"><![CDATA[org.opentest4j.AssertionFailedError: 
status code was: 404, expected: 200, response time in milliseconds: 591, url: https://simple-books-api.glitch.me/posts/50, response: 
<!DOCTYPE html>
<html lang="en">
<head>
<meta charset="utf-8">
<title>Error</title>
</head>
<body>
<pre>Cannot GET /posts/50</pre>
</body>
</html>

classpath:examples/users/step3.feature:26
status code was: 404, expected: 200, response time in milliseconds: 566, url: https://simple-books-api.glitch.me/posts/51, response: 
<!DOCTYPE html>
<html lang="en">
<head>
<meta charset="utf-8">
<title>Error</title>
</head>
<body>
<pre>Cannot GET /posts/51</pre>
</body>
</html>

classpath:examples/users/step3.feature:26
status code was: 404, expected: 200, response time in milliseconds: 427, url: https://simple-books-api.glitch.me/posts/52, response: 
<!DOCTYPE html>
<html lang="en">
<head>
<meta charset="utf-8">
<title>Error</title>
</head>
<body>
<pre>Cannot GET /posts/52</pre>
</body>
</html>

classpath:examples/users/step3.feature:26
status code was: 403, expected: 201, response time in milliseconds: 200, url: https://www.kloia.com/, response: 
Request Forbidden
classpath:examples/users/step2.feature:22
match failed: EQUALS
  $ | not null (LIST:STRING)
  ["Fri, 17 May 2024 12:16:43 GMT"]
  '#null'

classpath:examples/users/step2.feature:53 ==> expected: <0> but was: <5>
	at examples.TestParallel.testParallel(TestParallel.java:13)
]]></failure>
    <system-out><![CDATA[13:16:42.664 [main] DEBUG com.intuit.karate.Suite - [config] classpath:karate-config.js
13:16:42.666 [main] INFO  com.intuit.karate.Suite - backed up existing 'target/karate-reports' dir to: target/karate-reports_1715948202666
13:16:42.668 [main] DEBUG com.intuit.karate.Suite - waiting for 5 features to complete
13:16:42.685 [pool-1-thread-1] INFO  com.intuit.karate - karate.env system property was: null 
13:16:42.688 [pool-2-thread-1] INFO  com.intuit.karate - karate.env system property was: null 
13:16:42.692 [pool-1-thread-1] INFO  com.intuit.karate - [print] Hello World 
13:16:42.705 [pool-1-thread-1] INFO  com.intuit.karate - karate.env system property was: null 
13:16:42.697 [pool-1-thread-4] INFO  com.intuit.karate - karate.env system property was: null 
13:16:42.709 [pool-1-thread-2] INFO  com.intuit.karate - karate.env system property was: null 
13:16:42.711 [pool-1-thread-4] DEBUG com.intuit.karate - request:
1 > POST https://www.kloia.com/
1 > Content-Type: application/json; charset=UTF-8
1 > Content-Length: 58
1 > Host: www.kloia.com
1 > Connection: Keep-Alive
1 > User-Agent: Apache-HttpClient/4.5.13 (Java/17.0.10)
1 > Accept-Encoding: gzip,deflate
{"name":"Jane","username":"jane_pool","phone":12546758485}

13:16:42.711 [pool-1-thread-5] INFO  com.intuit.karate - karate.env system property was: null 
13:16:42.713 [pool-1-thread-1] INFO  com.intuit.karate - [print] {
  "bookId": 5,
  "customerName": "Ayoub"
}
 
13:16:42.715 [pool-1-thread-2] INFO  com.intuit.karate - [print] hello world 
13:16:42.718 [pool-1-thread-1] INFO  com.intuit.karate - karate.env system property was: null 
13:16:42.721 [pool-1-thread-2] INFO  com.intuit.karate - karate.env system property was: null 
13:16:42.722 [pool-1-thread-5] DEBUG com.intuit.karate - request:
1 > POST https://petstore.swagger.io/v2/pet
1 > Content-Type: application/json; charset=UTF-8
1 > Content-Length: 134
1 > Host: petstore.swagger.io
1 > Connection: Keep-Alive
1 > User-Agent: Apache-HttpClient/4.5.13 (Java/17.0.10)
1 > Accept-Encoding: gzip,deflate
{"category":{"id":1,"name":"cats"},"name":"kitty","photoUrls":["www.kitty.com"],"tags":[{"id":0,"name":"sweet"}],"status":"available"}

13:16:42.728 [pool-1-thread-1] DEBUG com.intuit.karate - request:
1 > POST https://petstore.swagger.io/v2/pet
1 > Content-Type: application/json; charset=UTF-8
1 > Content-Length: 140
1 > Host: petstore.swagger.io
1 > Connection: Keep-Alive
1 > User-Agent: Apache-HttpClient/4.5.13 (Java/17.0.10)
1 > Accept-Encoding: gzip,deflate
{"category":{"id":0,"name":"categoryName"},"name":"petName","photoUrls":["someURL"],"tags":[{"id":0,"name":"tagName"}],"status":"available"}

13:16:42.730 [pool-1-thread-2] INFO  com.intuit.karate - [print] current id is -> 10 
13:16:42.734 [pool-1-thread-2] INFO  com.intuit.karate - karate.env system property was: null 
13:16:42.735 [pool-1-thread-2] INFO  com.intuit.karate - [print] current id is -> 20 
13:16:42.738 [pool-1-thread-2] INFO  com.intuit.karate - karate.env system property was: null 
13:16:42.747 [pool-1-thread-2] INFO  com.intuit.karate - [print] current id is -> 30 
13:16:42.745 [pool-1-thread-3] INFO  com.intuit.karate - karate.env system property was: null 
13:16:42.751 [pool-1-thread-2] INFO  com.intuit.karate - karate.env system property was: null 
13:16:42.754 [pool-1-thread-2] DEBUG com.intuit.karate - request:
1 > GET https://simple-books-api.glitch.me/posts/50
1 > Host: simple-books-api.glitch.me
1 > Connection: Keep-Alive
1 > User-Agent: Apache-HttpClient/4.5.13 (Java/17.0.10)
1 > Accept-Encoding: gzip,deflate


13:16:42.751 [pool-1-thread-3] INFO  com.intuit.karate - [print] https://simple-books-api.glitch.me 
13:16:42.759 [pool-1-thread-3] INFO  com.intuit.karate - [print] hello karate 
13:16:42.771 [pool-1-thread-3] INFO  com.intuit.karate - karate.env system property was: null 
13:16:42.778 [pool-1-thread-3] DEBUG com.intuit.karate - request:
1 > GET https://simple-books-api.glitch.me/posts/51
1 > Host: simple-books-api.glitch.me
1 > Connection: Keep-Alive
1 > User-Agent: Apache-HttpClient/4.5.13 (Java/17.0.10)
1 > Accept-Encoding: gzip,deflate


---------------------------------------------------------
feature: classpath:examples/hello.feature
scenarios:  1 | passed:  1 | failed:  0 | time: 0.0057
---------------------------------------------------------

13:16:42.798 [pool-2-thread-1] INFO  com.intuit.karate.Suite - <<pass>> feature 1 of 5 (4 remaining) classpath:examples/hello.feature
---------------------------------------------------------
feature: classpath:examples/users/helloWorld.feature
scenarios:  1 | passed:  1 | failed:  0 | time: 0.0015
---------------------------------------------------------

13:16:42.838 [pool-2-thread-1] INFO  com.intuit.karate.Suite - <<pass>> feature 2 of 5 (3 remaining) classpath:examples/users/helloWorld.feature
13:16:42.911 [pool-1-thread-4] DEBUG com.intuit.karate - response time in milliseconds: 200
1 < 403
1 < Date: Fri, 17 May 2024 12:16:42 GMT
1 < Content-Type: text/plain;charset=UTF-8
1 < Content-Length: 17
1 < Connection: keep-alive
1 < Strict-Transport-Security: max-age=31536000
1 < Content-Security-Policy: upgrade-insecure-requests
1 < Report-To: {"endpoints":[{"url":"https:\/\/a.nel.cloudflare.com\/report\/v4?s=tmHAbTvJPv6nrOjI5OZzJNI%2F1MpGlJLSarSKtL5jpKsaOJWwFkCXhgw77%2F0QdP2jsDgkUEiSW3uZ9S3vwmyAGgFFYLG1ZSrbGH3B6oHXu9kjjXpiCPJjUrbVwyAOpEE%3D"}],"group":"cf-nel","max_age":604800}
1 < NEL: {"success_fraction":0.01,"report_to":"cf-nel","max_age":604800}
1 < Vary: Accept-Encoding
1 < Server: cloudflare
1 < CF-RAY: 88538a4bea4d1bc5-MAD
1 < alt-svc: h3=":443"; ma=86400
1 < Set-Cookie: __cf_bm=evf_Swed8.Vl9bPX_TtKurDRvl2Hynh6FrMdNzZZyCo-1715948202-1.0.1.1-tn83czgSHUAMbLQpAmPOdg2qhpyL3.E9T7D9fbDsIaQu.1EGtZM88gea9K9BkotrEL9TrLleTbux.0B0ChWznQ; Max-Age=1715950002000; Expires=Thu, 31 Aug 56400 22:36:42 GMT; Domain=www.kloia.com; Secure
1 < Set-Cookie: __cfruid=6d1f3887e6cca14b79701518fb2fdef5d57028dc-1715948202; Domain=www.kloia.com; Secure
Request Forbidden

13:16:42.913 [pool-1-thread-4] ERROR com.intuit.karate - classpath:examples/users/step2.feature:22
Then status 201
status code was: 403, expected: 201, response time in milliseconds: 200, url: https://www.kloia.com/, response: 
Request Forbidden
classpath:examples/users/step2.feature:22
13:16:42.915 [pool-1-thread-4] INFO  com.intuit.karate - karate.env system property was: null 
13:16:42.918 [pool-1-thread-4] DEBUG com.intuit.karate - request:
1 > GET https://simple-books-api.glitch.me/posts/52
1 > Host: simple-books-api.glitch.me
1 > Connection: Keep-Alive
1 > User-Agent: Apache-HttpClient/4.5.13 (Java/17.0.10)
1 > Accept-Encoding: gzip,deflate


13:16:43.160 [pool-1-thread-5] DEBUG com.intuit.karate - response time in milliseconds: 437
1 < 200
1 < Date: Fri, 17 May 2024 12:16:43 GMT
1 < Content-Type: application/json
1 < Transfer-Encoding: chunked
1 < Connection: keep-alive
1 < Access-Control-Allow-Origin: *
1 < Access-Control-Allow-Methods: GET, POST, DELETE, PUT
1 < Access-Control-Allow-Headers: Content-Type, api_key, Authorization
1 < Server: Jetty(9.2.9.v20150224)
{"id":9223372036854751164,"category":{"id":1,"name":"cats"},"name":"kitty","photoUrls":["www.kitty.com"],"tags":[{"id":0,"name":"sweet"}],"status":"available"}

13:16:43.160 [pool-1-thread-1] DEBUG com.intuit.karate - response time in milliseconds: 431
1 < 200
1 < Date: Fri, 17 May 2024 12:16:43 GMT
1 < Content-Type: application/json
1 < Transfer-Encoding: chunked
1 < Connection: keep-alive
1 < Access-Control-Allow-Origin: *
1 < Access-Control-Allow-Methods: GET, POST, DELETE, PUT
1 < Access-Control-Allow-Headers: Content-Type, api_key, Authorization
1 < Server: Jetty(9.2.9.v20150224)
{"id":9223372036854751163,"category":{"id":0,"name":"categoryName"},"name":"petName","photoUrls":["someURL"],"tags":[{"id":0,"name":"tagName"}],"status":"available"}

13:16:43.166 [pool-1-thread-1] INFO  com.intuit.karate - karate.env system property was: null 
13:16:43.166 [pool-1-thread-5] ERROR com.intuit.karate - classpath:examples/users/step2.feature:53
And match responseHeaders['Date'] == '#null'
match failed: EQUALS
  $ | not null (LIST:STRING)
  ["Fri, 17 May 2024 12:16:43 GMT"]
  '#null'

classpath:examples/users/step2.feature:53
13:16:43.168 [pool-1-thread-5] INFO  com.intuit.karate - karate.env system property was: null 
13:16:43.171 [pool-1-thread-1] DEBUG com.intuit.karate - request:
1 > GET https://jsonplaceholder.typicode.com/users
1 > Host: jsonplaceholder.typicode.com
1 > Connection: Keep-Alive
1 > User-Agent: Apache-HttpClient/4.5.13 (Java/17.0.10)
1 > Accept-Encoding: gzip,deflate


13:16:43.172 [pool-1-thread-5] DEBUG com.intuit.karate - request:
1 > POST https://jsonplaceholder.typicode.com/users
1 > Content-Type: application/json; charset=UTF-8
1 > Content-Length: 160
1 > Host: jsonplaceholder.typicode.com
1 > Connection: Keep-Alive
1 > User-Agent: Apache-HttpClient/4.5.13 (Java/17.0.10)
1 > Accept-Encoding: gzip,deflate
{"name":"Test User","username":"testuser","email":"test@user.com","address":{"street":"Has No Name","suite":"Apt. 123","city":"Electri","zipcode":"54321-6789"}}

---------------------------------------------------------
feature: classpath:examples/users/step2.feature
scenarios:  3 | passed:  1 | failed:  2 | time: 0.6582
---------------------------------------------------------

13:16:43.228 [pool-2-thread-1] INFO  com.intuit.karate.Suite - <<fail>> feature 3 of 5 (2 remaining) classpath:examples/users/step2.feature
13:16:43.345 [pool-1-thread-3] DEBUG com.intuit.karate - response time in milliseconds: 566
1 < 404
1 < Date: Fri, 17 May 2024 12:16:43 GMT
1 < Content-Type: text/html; charset=utf-8
1 < Content-Length: 147
1 < Connection: keep-alive
1 < x-powered-by: Express
1 < content-security-policy: default-src 'none'
1 < x-content-type-options: nosniff
<!DOCTYPE html>
<html lang="en">
<head>
<meta charset="utf-8">
<title>Error</title>
</head>
<body>
<pre>Cannot GET /posts/51</pre>
</body>
</html>


13:16:43.345 [pool-1-thread-4] DEBUG com.intuit.karate - response time in milliseconds: 427
1 < 404
1 < Date: Fri, 17 May 2024 12:16:43 GMT
1 < Content-Type: text/html; charset=utf-8
1 < Content-Length: 147
1 < Connection: keep-alive
1 < x-powered-by: Express
1 < content-security-policy: default-src 'none'
1 < x-content-type-options: nosniff
<!DOCTYPE html>
<html lang="en">
<head>
<meta charset="utf-8">
<title>Error</title>
</head>
<body>
<pre>Cannot GET /posts/52</pre>
</body>
</html>


13:16:43.345 [pool-1-thread-2] DEBUG com.intuit.karate - response time in milliseconds: 591
1 < 404
1 < Date: Fri, 17 May 2024 12:16:43 GMT
1 < Content-Type: text/html; charset=utf-8
1 < Content-Length: 147
1 < Connection: keep-alive
1 < x-powered-by: Express
1 < content-security-policy: default-src 'none'
1 < x-content-type-options: nosniff
<!DOCTYPE html>
<html lang="en">
<head>
<meta charset="utf-8">
<title>Error</title>
</head>
<body>
<pre>Cannot GET /posts/50</pre>
</body>
</html>


13:16:43.345 [pool-1-thread-1] DEBUG com.intuit.karate - response time in milliseconds: 174
1 < 200
1 < Date: Fri, 17 May 2024 12:16:43 GMT
1 < Content-Type: application/json; charset=utf-8
1 < Transfer-Encoding: chunked
1 < Connection: keep-alive
1 < Report-To: {"group":"heroku-nel","max_age":3600,"endpoints":[{"url":"https://nel.heroku.com/reports?ts=1711542861&sid=e11707d5-02a7-43ef-b45e-2cf4d2036f7d&s=EpBQt6mC%2FIGRoodhsDAbFm5J0NamV9Dgor63S6eNG5c%3D"}]}
1 < Reporting-Endpoints: heroku-nel=https://nel.heroku.com/reports?ts=1711542861&sid=e11707d5-02a7-43ef-b45e-2cf4d2036f7d&s=EpBQt6mC%2FIGRoodhsDAbFm5J0NamV9Dgor63S6eNG5c%3D
1 < Nel: {"report_to":"heroku-nel","max_age":3600,"success_fraction":0.005,"failure_fraction":0.05,"response_headers":["Via"]}
1 < X-Powered-By: Express
1 < X-Ratelimit-Limit: 1000
1 < X-Ratelimit-Remaining: 999
1 < X-Ratelimit-Reset: 1711542862
1 < Vary: Origin, Accept-Encoding
1 < Access-Control-Allow-Credentials: true
1 < Cache-Control: max-age=43200
1 < Pragma: no-cache
1 < Expires: -1
1 < X-Content-Type-Options: nosniff
1 < Etag: W/"160d-1eMSsxeJRfnVLRBmYJSbCiJZ1qQ"
1 < Via: 1.1 vegur
1 < CF-Cache-Status: HIT
1 < Age: 18465
1 < Server: cloudflare
1 < CF-RAY: 88538a4e4a241511-MAD
1 < alt-svc: h3=":443"; ma=86400
[
  {
    "id": 1,
    "name": "Leanne Graham",
    "username": "Bret",
    "email": "Sincere@april.biz",
    "address": {
      "street": "Kulas Light",
      "suite": "Apt. 556",
      "city": "Gwenborough",
      "zipcode": "92998-3874",
      "geo": {
        "lat": "-37.3159",
        "lng": "81.1496"
      }
    },
    "phone": "1-770-736-8031 x56442",
    "website": "hildegard.org",
    "company": {
      "name": "Romaguera-Crona",
      "catchPhrase": "Multi-layered client-server neural-net",
      "bs": "harness real-time e-markets"
    }
  },
  {
    "id": 2,
    "name": "Ervin Howell",
    "username": "Antonette",
    "email": "Shanna@melissa.tv",
    "address": {
      "street": "Victor Plains",
      "suite": "Suite 879",
      "city": "Wisokyburgh",
      "zipcode": "90566-7771",
      "geo": {
        "lat": "-43.9509",
        "lng": "-34.4618"
      }
    },
    "phone": "010-692-6593 x09125",
    "website": "anastasia.net",
    "company": {
      "name": "Deckow-Crist",
      "catchPhrase": "Proactive didactic contingency",
      "bs": "synergize scalable supply-chains"
    }
  },
  {
    "id": 3,
    "name": "Clementine Bauch",
    "username": "Samantha",
    "email": "Nathan@yesenia.net",
    "address": {
      "street": "Douglas Extension",
      "suite": "Suite 847",
      "city": "McKenziehaven",
      "zipcode": "59590-4157",
      "geo": {
        "lat": "-68.6102",
        "lng": "-47.0653"
      }
    },
    "phone": "1-463-123-4447",
    "website": "ramiro.info",
    "company": {
      "name": "Romaguera-Jacobson",
      "catchPhrase": "Face to face bifurcated interface",
      "bs": "e-enable strategic applications"
    }
  },
  {
    "id": 4,
    "name": "Patricia Lebsack",
    "username": "Karianne",
    "email": "Julianne.OConner@kory.org",
    "address": {
      "street": "Hoeger Mall",
      "suite": "Apt. 692",
      "city": "South Elvis",
      "zipcode": "53919-4257",
      "geo": {
        "lat": "29.4572",
        "lng": "-164.2990"
      }
    },
    "phone": "493-170-9623 x156",
    "website": "kale.biz",
    "company": {
      "name": "Robel-Corkery",
      "catchPhrase": "Multi-tiered zero tolerance productivity",
      "bs": "transition cutting-edge web services"
    }
  },
  {
    "id": 5,
    "name": "Chelsey Dietrich",
    "username": "Kamren",
    "email": "Lucio_Hettinger@annie.ca",
    "address": {
      "street": "Skiles Walks",
      "suite": "Suite 351",
      "city": "Roscoeview",
      "zipcode": "33263",
      "geo": {
        "lat": "-31.8129",
        "lng": "62.5342"
      }
    },
    "phone": "(254)954-1289",
    "website": "demarco.info",
    "company": {
      "name": "Keebler LLC",
      "catchPhrase": "User-centric fault-tolerant solution",
      "bs": "revolutionize end-to-end systems"
    }
  },
  {
    "id": 6,
    "name": "Mrs. Dennis Schulist",
    "username": "Leopoldo_Corkery",
    "email": "Karley_Dach@jasper.info",
    "address": {
      "street": "Norberto Crossing",
      "suite": "Apt. 950",
      "city": "South Christy",
      "zipcode": "23505-1337",
      "geo": {
        "lat": "-71.4197",
        "lng": "71.7478"
      }
    },
    "phone": "1-477-935-8478 x6430",
    "website": "ola.org",
    "company": {
      "name": "Considine-Lockman",
      "catchPhrase": "Synchronised bottom-line interface",
      "bs": "e-enable innovative applications"
    }
  },
  {
    "id": 7,
    "name": "Kurtis Weissnat",
    "username": "Elwyn.Skiles",
    "email": "Telly.Hoeger@billy.biz",
    "address": {
      "street": "Rex Trail",
      "suite": "Suite 280",
      "city": "Howemouth",
      "zipcode": "58804-1099",
      "geo": {
        "lat": "24.8918",
        "lng": "21.8984"
      }
    },
    "phone": "210.067.6132",
    "website": "elvis.io",
    "company": {
      "name": "Johns Group",
      "catchPhrase": "Configurable multimedia task-force",
      "bs": "generate enterprise e-tailers"
    }
  },
  {
    "id": 8,
    "name": "Nicholas Runolfsdottir V",
    "username": "Maxime_Nienow",
    "email": "Sherwood@rosamond.me",
    "address": {
      "street": "Ellsworth Summit",
      "suite": "Suite 729",
      "city": "Aliyaview",
      "zipcode": "45169",
      "geo": {
        "lat": "-14.3990",
        "lng": "-120.7677"
      }
    },
    "phone": "586.493.6943 x140",
    "website": "jacynthe.com",
    "company": {
      "name": "Abernathy Group",
      "catchPhrase": "Implemented secondary concept",
      "bs": "e-enable extensible e-tailers"
    }
  },
  {
    "id": 9,
    "name": "Glenna Reichert",
    "username": "Delphine",
    "email": "Chaim_McDermott@dana.io",
    "address": {
      "street": "Dayna Park",
      "suite": "Suite 449",
      "city": "Bartholomebury",
      "zipcode": "76495-3109",
      "geo": {
        "lat": "24.6463",
        "lng": "-168.8889"
      }
    },
    "phone": "(775)976-6794 x41206",
    "website": "conrad.com",
    "company": {
      "name": "Yost and Sons",
      "catchPhrase": "Switchable contextually-based project",
      "bs": "aggregate real-time technologies"
    }
  },
  {
    "id": 10,
    "name": "Clementina DuBuque",
    "username": "Moriah.Stanton",
    "email": "Rey.Padberg@karina.biz",
    "address": {
      "street": "Kattie Turnpike",
      "suite": "Suite 198",
      "city": "Lebsackbury",
      "zipcode": "31428-2261",
      "geo": {
        "lat": "-38.2386",
        "lng": "57.2232"
      }
    },
    "phone": "024-648-3804",
    "website": "ambrose.net",
    "company": {
      "name": "Hoeger LLC",
      "catchPhrase": "Centralized empowering task-force",
      "bs": "target end-to-end models"
    }
  }
]

13:16:43.346 [pool-1-thread-4] ERROR com.intuit.karate - classpath:examples/users/step3.feature:26
Then status 200
status code was: 404, expected: 200, response time in milliseconds: 427, url: https://simple-books-api.glitch.me/posts/52, response: 
<!DOCTYPE html>
<html lang="en">
<head>
<meta charset="utf-8">
<title>Error</title>
</head>
<body>
<pre>Cannot GET /posts/52</pre>
</body>
</html>

classpath:examples/users/step3.feature:26
13:16:43.349 [pool-1-thread-1] DEBUG com.intuit.karate - request:
2 > GET https://jsonplaceholder.typicode.com/users/1
2 > Host: jsonplaceholder.typicode.com
2 > Connection: Keep-Alive
2 > User-Agent: Apache-HttpClient/4.5.13 (Java/17.0.10)
2 > Accept-Encoding: gzip,deflate


13:16:43.345 [pool-1-thread-3] ERROR com.intuit.karate - classpath:examples/users/step3.feature:26
Then status 200
status code was: 404, expected: 200, response time in milliseconds: 566, url: https://simple-books-api.glitch.me/posts/51, response: 
<!DOCTYPE html>
<html lang="en">
<head>
<meta charset="utf-8">
<title>Error</title>
</head>
<body>
<pre>Cannot GET /posts/51</pre>
</body>
</html>

classpath:examples/users/step3.feature:26
13:16:43.346 [pool-1-thread-2] ERROR com.intuit.karate - classpath:examples/users/step3.feature:26
Then status 200
status code was: 404, expected: 200, response time in milliseconds: 591, url: https://simple-books-api.glitch.me/posts/50, response: 
<!DOCTYPE html>
<html lang="en">
<head>
<meta charset="utf-8">
<title>Error</title>
</head>
<body>
<pre>Cannot GET /posts/50</pre>
</body>
</html>

classpath:examples/users/step3.feature:26
---------------------------------------------------------
feature: classpath:examples/users/step3.feature
scenarios:  8 | passed:  5 | failed:  3 | time: 2.0496
---------------------------------------------------------

13:16:43.433 [pool-2-thread-1] INFO  com.intuit.karate.Suite - <<fail>> feature 4 of 5 (1 remaining) classpath:examples/users/step3.feature
13:16:43.458 [pool-1-thread-1] DEBUG com.intuit.karate - response time in milliseconds: 109
2 < 200
2 < Date: Fri, 17 May 2024 12:16:43 GMT
2 < Content-Type: application/json; charset=utf-8
2 < Transfer-Encoding: chunked
2 < Connection: keep-alive
2 < Report-To: {"group":"heroku-nel","max_age":3600,"endpoints":[{"url":"https://nel.heroku.com/reports?ts=1711210920&sid=e11707d5-02a7-43ef-b45e-2cf4d2036f7d&s=H5Fk4jFzxK30OHeZhtwz2MXCb5%2FfgHXyTr4xsN9LW7g%3D"}]}
2 < Reporting-Endpoints: heroku-nel=https://nel.heroku.com/reports?ts=1711210920&sid=e11707d5-02a7-43ef-b45e-2cf4d2036f7d&s=H5Fk4jFzxK30OHeZhtwz2MXCb5%2FfgHXyTr4xsN9LW7g%3D
2 < Nel: {"report_to":"heroku-nel","max_age":3600,"success_fraction":0.005,"failure_fraction":0.05,"response_headers":["Via"]}
2 < X-Powered-By: Express
2 < X-Ratelimit-Limit: 1000
2 < X-Ratelimit-Remaining: 999
2 < X-Ratelimit-Reset: 1711210958
2 < Vary: Origin, Accept-Encoding
2 < Access-Control-Allow-Credentials: true
2 < Cache-Control: max-age=43200
2 < Pragma: no-cache
2 < Expires: -1
2 < X-Content-Type-Options: nosniff
2 < Etag: W/"1fd-+2Y3G3w049iSZtw5t1mzSnunngE"
2 < Via: 1.1 vegur
2 < CF-Cache-Status: HIT
2 < Age: 9528
2 < Server: cloudflare
2 < CF-RAY: 88538a4f7e3d6671-MAD
2 < alt-svc: h3=":443"; ma=86400
{
  "id": 1,
  "name": "Leanne Graham",
  "username": "Bret",
  "email": "Sincere@april.biz",
  "address": {
    "street": "Kulas Light",
    "suite": "Apt. 556",
    "city": "Gwenborough",
    "zipcode": "92998-3874",
    "geo": {
      "lat": "-37.3159",
      "lng": "81.1496"
    }
  },
  "phone": "1-770-736-8031 x56442",
  "website": "hildegard.org",
  "company": {
    "name": "Romaguera-Crona",
    "catchPhrase": "Multi-layered client-server neural-net",
    "bs": "harness real-time e-markets"
  }
}

13:16:43.517 [pool-1-thread-5] DEBUG com.intuit.karate - response time in milliseconds: 342
1 < 201
1 < Date: Fri, 17 May 2024 12:16:43 GMT
1 < Content-Type: application/json; charset=utf-8
1 < Content-Length: 216
1 < Connection: keep-alive
1 < Report-To: {"group":"heroku-nel","max_age":3600,"endpoints":[{"url":"https://nel.heroku.com/reports?ts=1715948203&sid=e11707d5-02a7-43ef-b45e-2cf4d2036f7d&s=XS09LaXzfpQnnzEtlW2ukQ4Or%2Bz2My1B1fh52a4oWkQ%3D"}]}
1 < Reporting-Endpoints: heroku-nel=https://nel.heroku.com/reports?ts=1715948203&sid=e11707d5-02a7-43ef-b45e-2cf4d2036f7d&s=XS09LaXzfpQnnzEtlW2ukQ4Or%2Bz2My1B1fh52a4oWkQ%3D
1 < Nel: {"report_to":"heroku-nel","max_age":3600,"success_fraction":0.005,"failure_fraction":0.05,"response_headers":["Via"]}
1 < X-Powered-By: Express
1 < X-Ratelimit-Limit: 1000
1 < X-Ratelimit-Remaining: 998
1 < X-Ratelimit-Reset: 1715948221
1 < Vary: Origin, X-HTTP-Method-Override, Accept-Encoding
1 < Access-Control-Allow-Credentials: true
1 < Cache-Control: no-cache
1 < Pragma: no-cache
1 < Expires: -1
1 < Access-Control-Expose-Headers: Location
1 < Location: https://jsonplaceholder.typicode.com/users/11
1 < X-Content-Type-Options: nosniff
1 < Etag: W/"d8-pYV7+YuMGP2hxHPU9ARrf97ifDA"
1 < Via: 1.1 vegur
1 < CF-Cache-Status: DYNAMIC
1 < Server: cloudflare
1 < CF-RAY: 88538a4e4ee1150d-MAD
1 < alt-svc: h3=":443"; ma=86400
{
  "name": "Test User",
  "username": "testuser",
  "email": "test@user.com",
  "address": {
    "street": "Has No Name",
    "suite": "Apt. 123",
    "city": "Electri",
    "zipcode": "54321-6789"
  },
  "id": 11
}

13:16:43.519 [pool-1-thread-5] INFO  com.intuit.karate - [print] created id is:  11 
---------------------------------------------------------
feature: classpath:examples/users/users.feature
scenarios:  2 | passed:  2 | failed:  0 | time: 0.6388
---------------------------------------------------------

13:16:43.571 [pool-2-thread-1] INFO  com.intuit.karate.Suite - <<pass>> feature 5 of 5 (0 remaining) classpath:examples/users/users.feature
Karate version: 1.2.0
======================================================
elapsed:   1.09 | threads:    5 | thread time: 3.35 
features:     5 | skipped:    0 | efficiency: 0.61
scenarios:   15 | passed:    10 | failed: 5
======================================================
>>> failed features:
status code was: 404, expected: 200, response time in milliseconds: 591, url: https://simple-books-api.glitch.me/posts/50, response: 
<!DOCTYPE html>
<html lang="en">
<head>
<meta charset="utf-8">
<title>Error</title>
</head>
<body>
<pre>Cannot GET /posts/50</pre>
</body>
</html>

classpath:examples/users/step3.feature:26
status code was: 404, expected: 200, response time in milliseconds: 566, url: https://simple-books-api.glitch.me/posts/51, response: 
<!DOCTYPE html>
<html lang="en">
<head>
<meta charset="utf-8">
<title>Error</title>
</head>
<body>
<pre>Cannot GET /posts/51</pre>
</body>
</html>

classpath:examples/users/step3.feature:26
status code was: 404, expected: 200, response time in milliseconds: 427, url: https://simple-books-api.glitch.me/posts/52, response: 
<!DOCTYPE html>
<html lang="en">
<head>
<meta charset="utf-8">
<title>Error</title>
</head>
<body>
<pre>Cannot GET /posts/52</pre>
</body>
</html>

classpath:examples/users/step3.feature:26
status code was: 403, expected: 201, response time in milliseconds: 200, url: https://www.kloia.com/, response: 
Request Forbidden
classpath:examples/users/step2.feature:22
match failed: EQUALS
  $ | not null (LIST:STRING)
  ["Fri, 17 May 2024 12:16:43 GMT"]
  '#null'

classpath:examples/users/step2.feature:53
<<<

HTML report: (paste into browser to view) | Karate version: 1.2.0
file:///home/ayoubsqli/IdeaProjects/test_karate/myproject/target/karate-reports/karate-summary.html
===================================================================

]]></system-out>
  </testcase>
</testsuite>